\BOOKMARK [1][-]{section.1}{Foundations}{}% 1
\BOOKMARK [2][-]{subsection.1.1}{Requirements}{section.1}% 2
\BOOKMARK [2][-]{subsection.1.2}{Network Architecture}{section.1}% 3
\BOOKMARK [2][-]{subsection.1.3}{Implementing Network Software}{section.1}% 4
\BOOKMARK [2][-]{subsection.1.4}{Network Performance}{section.1}% 5
\BOOKMARK [1][-]{section.2}{Routing}{}% 6
\BOOKMARK [2][-]{subsection.2.1}{Vocabulary}{section.2}% 7
\BOOKMARK [2][-]{subsection.2.2}{Network as a Graph}{section.2}% 8
\BOOKMARK [3][-]{subsubsection.2.2.1}{Distance Vector}{subsection.2.2}% 9
\BOOKMARK [3][-]{subsubsection.2.2.2}{Distance Vector Notations}{subsection.2.2}% 10
\BOOKMARK [3][-]{subsubsection.2.2.3}{Distance Vector Protocol}{subsection.2.2}% 11
\BOOKMARK [3][-]{subsubsection.2.2.4}{Link State}{subsection.2.2}% 12
\BOOKMARK [3][-]{subsubsection.2.2.5}{Comparison Distance Vector and Link-State Routing}{subsection.2.2}% 13
\BOOKMARK [2][-]{subsection.2.3}{Metrics}{section.2}% 14
\BOOKMARK [1][-]{section.3}{Network Layer}{}% 15
\BOOKMARK [2][-]{subsection.3.1}{Internet Protocol}{section.3}% 16
\BOOKMARK [3][-]{subsubsection.3.1.1}{Vocabulary}{subsection.3.1}% 17
\BOOKMARK [3][-]{subsubsection.3.1.2}{Service Model}{subsection.3.1}% 18
\BOOKMARK [3][-]{subsubsection.3.1.3}{Packet Format}{subsection.3.1}% 19
\BOOKMARK [3][-]{subsubsection.3.1.4}{Fragmentation and Reassembly}{subsection.3.1}% 20
\BOOKMARK [2][-]{subsection.3.2}{Global Addresses}{section.3}% 21
\BOOKMARK [2][-]{subsection.3.3}{Datagram Forwarding in IP}{section.3}% 22
